#
# There is insufficient memory for the Java Runtime Environment to continue.
# Native memory allocation (malloc) failed to allocate 1048576 bytes for AllocateHeap
# Possible reasons:
#   The system is out of physical RAM or swap space
#   The process is running with CompressedOops enabled, and the Java Heap may be blocking the growth of the native heap
# Possible solutions:
#   Reduce memory load on the system
#   Increase physical memory or swap space
#   Check if swap backing store is full
#   Decrease Java heap size (-Xmx/-Xms)
#   Decrease number of Java threads
#   Decrease Java thread stack sizes (-Xss)
#   Set larger code cache with -XX:ReservedCodeCacheSize=
#   JVM is running with Unscaled Compressed Oops mode in which the Java heap is
#     placed in the first 4GB address space. The Java Heap base address is the
#     maximum limit for the native heap growth. Please use -XX:HeapBaseMinAddress
#     to set the Java Heap base and to place the Java Heap above 4GB virtual address.
# This output file may be truncated or incomplete.
#
#  Out of Memory Error (memory/allocation.inline.hpp:61), pid=1212, tid=0x000000000000249c
#
# JRE version:  (8.0_221-b11) (build )
# Java VM: Java HotSpot(TM) 64-Bit Server VM (25.221-b11 mixed mode windows-amd64 compressed oops)
# Failed to write core dump. Minidumps are not enabled by default on client versions of Windows
#

---------------  T H R E A D  ---------------

Current thread (0x00000000012fe800):  JavaThread "Unknown thread" [_thread_in_vm, id=9372, stack(0x0000000002ad0000,0x0000000002bd0000)]

Stack: [0x0000000002ad0000,0x0000000002bd0000]
[error occurred during error reporting (printing stack bounds), id 0xc0000005]

Native frames: (J=compiled Java code, j=interpreted, Vv=VM code, C=native code)


---------------  P R O C E S S  ---------------

Java Threads: ( => current thread )

Other Threads:

=>0x00000000012fe800 (exited) JavaThread "Unknown thread" [_thread_in_vm, id=9372, stack(0x0000000002ad0000,0x0000000002bd0000)]

VM state:not at safepoint (normal execution)

VM Mutex/Monitor currently owned by a thread: None

heap address: 0x00000000ff000000, size: 16 MB, Compressed Oops mode: 32-bit
Narrow klass base: 0x0000000000000000, Narrow klass shift: 3
Compressed class space size: 1073741824 Address: 0x0000000100000000

Heap:
 PSYoungGen      total 4608K, used 81K [0x00000000ffb00000, 0x0000000100000000, 0x0000000100000000)
  eden space 4096K, 2% used [0x00000000ffb00000,0x00000000ffb147b8,0x00000000fff00000)
  from space 512K, 0% used [0x00000000fff80000,0x00000000fff80000,0x0000000100000000)
  to   space 512K, 0% used [0x00000000fff00000,0x00000000fff00000,0x00000000fff80000)
 ParOldGen       total 11264K, used 0K [0x00000000ff000000, 0x00000000ffb00000, 0x00000000ffb00000)
  object space 11264K, 0% used [0x00000000ff000000,0x00000000ff000000,0x00000000ffb00000)
 Metaspace       used 776K, capacity 4480K, committed 4480K, reserved 1056768K
  class space    used 76K, capacity 384K, committed 384K, reserved 1048576K

Card table byte_map: [0x0000000001310000,0x0000000001320000] byte_map_base: 0x0000000000b18000

Marking Bits: (ParMarkBitMap*) 0x0000000059585ce0
 Begin Bits: [0x0000000002be0000, 0x0000000002c20000)
 End Bits:   [0x0000000002c20000, 0x0000000002c60000)

Polling page: 0x00000000012d0000

CodeCache: size=245760Kb used=327Kb max_used=327Kb free=245432Kb
 bounds [0x0000000002eb0000, 0x0000000003120000, 0x0000000011eb0000]
 total_blobs=57 nmethods=0 adapters=38
 compilation: enabled

Compilation events (0 events):
No events

GC Heap History (0 events):
No events

Deoptimization events (0 events):
No events

Classes redefined (0 events):
No events

Internal exceptions (0 events):
No events

Events (10 events):
Event: 0.037 loading class java/lang/Short
Event: 0.037 loading class java/lang/Short done
Event: 0.037 loading class java/lang/Integer
Event: 0.037 loading class java/lang/Integer done
Event: 0.037 loading class java/lang/Long
Event: 0.038 loading class java/lang/Long done
Event: 0.039 loading class java/lang/NullPointerException
Event: 0.039 loading class java/lang/NullPointerException done
Event: 0.039 loading class java/lang/ArithmeticException
Event: 0.039 loading class java/lang/ArithmeticException done


Dynamic libraries:
0x00007ff6d6aa0000 - 0x00007ff6d6ad7000 	C:\Program Files\Java\jdk1.8.0_221\bin\javaw.exe
0x00007ff849890000 - 0x00007ff849a88000 	C:\Windows\SYSTEM32\ntdll.dll
0x00007ff848d20000 - 0x00007ff848ddd000 	C:\Windows\System32\KERNEL32.DLL
0x00007ff847160000 - 0x00007ff847456000 	C:\Windows\System32\KERNELBASE.dll
0x00007ff849670000 - 0x00007ff849720000 	C:\Windows\System32\ADVAPI32.dll
0x00007ff847a00000 - 0x00007ff847a9e000 	C:\Windows\System32\msvcrt.dll
0x00007ff848c40000 - 0x00007ff848ce0000 	C:\Windows\System32\sechost.dll
0x00007ff8487f0000 - 0x00007ff848913000 	C:\Windows\System32\RPCRT4.dll
0x00007ff846fe0000 - 0x00007ff847007000 	C:\Windows\System32\bcrypt.dll
0x00007ff848de0000 - 0x00007ff848f7f000 	C:\Windows\System32\USER32.dll
0x00007ff847460000 - 0x00007ff847482000 	C:\Windows\System32\win32u.dll
0x00007ff848980000 - 0x00007ff8489ab000 	C:\Windows\System32\GDI32.dll
0x00007ff8475f0000 - 0x00007ff847707000 	C:\Windows\System32\gdi32full.dll
0x00007ff846f40000 - 0x00007ff846fdd000 	C:\Windows\System32\msvcp_win.dll
0x00007ff847710000 - 0x00007ff847810000 	C:\Windows\System32\ucrtbase.dll
0x00007ff836310000 - 0x00007ff8365aa000 	C:\Windows\WinSxS\amd64_microsoft.windows.common-controls_6595b64144ccf1df_6.0.19041.4355_none_60b8b9eb71f62e16\COMCTL32.dll
0x00007ff848ce0000 - 0x00007ff848d12000 	C:\Windows\System32\IMM32.DLL
0x00000000598f0000 - 0x00000000599c2000 	C:\Program Files\Java\jdk1.8.0_221\jre\bin\msvcr100.dll
0x0000000058d60000 - 0x0000000059605000 	C:\Program Files\Java\jdk1.8.0_221\jre\bin\server\jvm.dll
0x00007ff849660000 - 0x00007ff849668000 	C:\Windows\System32\PSAPI.DLL
0x00007ff83ca40000 - 0x00007ff83ca49000 	C:\Windows\SYSTEM32\WSOCK32.dll
0x00007ff847970000 - 0x00007ff8479db000 	C:\Windows\System32\WS2_32.dll
0x00007ff83e290000 - 0x00007ff83e2b7000 	C:\Windows\SYSTEM32\WINMM.dll
0x00007ff83e7e0000 - 0x00007ff83e7ea000 	C:\Windows\SYSTEM32\VERSION.dll
0x00007ff831620000 - 0x00007ff83162f000 	C:\Program Files\Java\jdk1.8.0_221\jre\bin\verify.dll
0x00007ff822fa0000 - 0x00007ff822fc9000 	C:\Program Files\Java\jdk1.8.0_221\jre\bin\java.dll
0x00007ff8206c0000 - 0x00007ff8206d6000 	C:\Program Files\Java\jdk1.8.0_221\jre\bin\zip.dll

VM Arguments:
jvm_args: -Xmx16m 
java_command: org.eclipse.jdt.internal.launching.support.LibraryDetector
java_class_path (initial): C:\Users\riskisuryap\AppData\Roaming\Code\User\globalStorage\redhat.java\1.30.0\config_ss_win\org.eclipse.osgi\38\0\.cp\lib\launchingsupport.jar
Launcher Type: SUN_STANDARD

Environment Variables:
PATH=C:\Program Files\Common Files\Oracle\Java\javapath;C:\Program Files (x86)\Common Files\Oracle\Java\javapath;C:\ProgramData\Oracle\Java\javapath;C:\Program Files (x86)\Common Files\Intel\Shared Files\cpp\bin\Intel64;C:\Windows\system32;C:\Windows;C:\Windows\System32\Wbem;C:\Windows\System32\WindowsPowerShell\v1.0\;C:\Windows\System32\OpenSSH\;C:\Program Files\PuTTY\;C:\Program Files\dotnet\;C:\Program Files\Git\cmd;C:\Users\riskisuryap\AppData\Local\Microsoft\WindowsApps;;C:\Users\riskisuryap\AppData\Local\Programs\Microsoft VS Code\bin;C:\Users\riskisuryap\.dotnet\tools
USERNAME=riskisuryap
OS=Windows_NT
PROCESSOR_IDENTIFIER=AMD64 Family 23 Model 24 Stepping 1, AuthenticAMD



---------------  S Y S T E M  ---------------

OS: Windows 10.0 , 64 bit Build 19041 (10.0.19041.3636)

CPU:total 4 (initial active 4) (4 cores per cpu, 1 threads per core) family 23 model 24 stepping 1, cmov, cx8, fxsr, mmx, sse, sse2, sse3, ssse3, sse4.1, sse4.2, popcnt, avx, avx2, aes, clmul, mmxext, 3dnowpref, lzcnt, sse4a, tsc, tscinvbit, tscinv, bmi1

Memory: 4k page, physical 3543304k(252628k free), swap 10029164k(6264k free)

vm_info: Java HotSpot(TM) 64-Bit Server VM (25.221-b11) for windows-amd64 JRE (1.8.0_221-b11), built on Jul  4 2019 04:39:29 by "java_re" with MS VC++ 10.0 (VS2010)

time: Sun May 26 18:56:06 2024
timezone: SE Asia Standard Time
elapsed time: 0 seconds (0d 0h 0m 0s)

